<?xml version="1.0" encoding="UTF-8"?>
<!-- Generated by org.testng.reporters.JUnitReportReporter -->
<testsuite hostname="Studio-3.local" failures="0" tests="1" name="day63_JavaRecap.Quiz" time="2.009" errors="0" timestamp="2019-12-13T10:33:34 EST" skipped="0">
  <testcase classname="day63_JavaRecap.Quiz" name="Test1" time="2.009"/>
</testsuite> <!-- day63_JavaRecap.Quiz -->
